# JRE version: Java(TM) SE Runtime Environment (10.0.2+13) (build 10.0.2+13)
# Java VM: Java HotSpot(TM) 64-Bit Server VM (10.0.2+13, mixed mode, tiered, compressed oops, g1 gc, windows-amd64)
Heap:
 garbage-first heap   total 122880K, used 83244K [0x00000000c0000000, 0x0000000100000000)
  region size 1024K, 60 young (61440K), 5 survivors (5120K)
 Metaspace       used 41269K, capacity 43325K, committed 43472K, reserved 1093632K
  class space    used 4063K, capacity 4770K, committed 4816K, reserved 1048576K
GC Heap History (10 events):
Event: 8.061 GC heap before
{Heap before GC invocations=1 (full 0):
 garbage-first heap   total 122880K, used 32373K [0x00000000c0000000, 0x0000000100000000)
  region size 1024K, 32 young (32768K), 2 survivors (2048K)
 Metaspace       used 20433K, capacity 21160K, committed 21296K, reserved 1069056K
  class space    used 1796K, capacity 2062K, committed 2096K, reserved 1048576K
}
Event: 8.078 GC heap after
{Heap after GC invocations=2 (full 0):
 garbage-first heap   total 122880K, used 7258K [0x00000000c0000000, 0x0000000100000000)
  region size 1024K, 6 young (6144K), 6 survivors (6144K)
 Metaspace       used 20433K, capacity 21160K, committed 21296K, reserved 1069056K
  class space    used 1796K, capacity 2062K, committed 2096K, reserved 1048576K
}
Event: 9.332 GC heap before
{Heap before GC invocations=3 (full 0):
 garbage-first heap   total 122880K, used 37978K [0x00000000c0000000, 0x0000000100000000)
  region size 1024K, 36 young (36864K), 6 survivors (6144K)
 Metaspace       used 25550K, capacity 26583K, committed 26800K, reserved 1073152K
  class space    used 2353K, capacity 2706K, committed 2736K, reserved 1048576K
}
Event: 9.352 GC heap after
{Heap after GC invocations=4 (full 0):
 garbage-first heap   total 122880K, used 9884K [0x00000000c0000000, 0x0000000100000000)
  region size 1024K, 3 young (3072K), 3 survivors (3072K)
 Metaspace       used 25550K, capacity 26583K, committed 26800K, reserved 1073152K
  class space    used 2353K, capacity 2706K, committed 2736K, reserved 1048576K
}
Event: 10.791 GC heap before
{Heap before GC invocations=4 (full 0):
 garbage-first heap   total 122880K, used 50844K [0x00000000c0000000, 0x0000000100000000)
  region size 1024K, 43 young (44032K), 3 survivors (3072K)
 Metaspace       used 30833K, capacity 32123K, committed 32432K, reserved 1079296K
  class space    used 2978K, capacity 3420K, committed 3504K, reserved 1048576K
}
Event: 10.808 GC heap after
{Heap after GC invocations=5 (full 0):
 garbage-first heap   total 122880K, used 12122K [0x00000000c0000000, 0x0000000100000000)
  region size 1024K, 5 young (5120K), 5 survivors (5120K)
 Metaspace       used 30833K, capacity 32123K, committed 32432K, reserved 1079296K
  class space    used 2978K, capacity 3420K, committed 3504K, reserved 1048576K
}
Event: 11.711 GC heap before
{Heap before GC invocations=5 (full 0):
 garbage-first heap   total 122880K, used 28506K [0x00000000c0000000, 0x0000000100000000)
  region size 1024K, 22 young (22528K), 5 survivors (5120K)
 Metaspace       used 34142K, capacity 35787K, committed 35920K, reserved 1081344K
  class space    used 3321K, capacity 3893K, committed 3920K, reserved 1048576K
}
Event: 11.727 GC heap after
{Heap after GC invocations=6 (full 0):
 garbage-first heap   total 122880K, used 16370K [0x00000000c0000000, 0x0000000100000000)
  region size 1024K, 9 young (9216K), 9 survivors (9216K)
 Metaspace       used 34142K, capacity 35787K, committed 35920K, reserved 1081344K
  class space    used 3321K, capacity 3893K, committed 3920K, reserved 1048576K
}
Event: 13.570 GC heap before
{Heap before GC invocations=7 (full 0):
 garbage-first heap   total 122880K, used 72690K [0x00000000c0000000, 0x0000000100000000)
  region size 1024K, 64 young (65536K), 9 survivors (9216K)
 Metaspace       used 40755K, capacity 42970K, committed 43216K, reserved 1087488K
  class space    used 4023K, capacity 4736K, committed 4816K, reserved 1048576K
}
Event: 13.611 GC heap after
{Heap after GC invocations=8 (full 0):
 garbage-first heap   total 122880K, used 21279K [0x00000000c0000000, 0x0000000100000000)
  region size 1024K, 6 young (6144K), 6 survivors (6144K)
 Metaspace       used 40755K, capacity 42970K, committed 43216K, reserved 1087488K
  class space    used 4023K, capacity 4736K, committed 4816K, reserved 1048576K
}

